2023-05-14 15:05:852 INFO  HomePage :46 - Mouse hover on WomenMenu [[ChromeDriver: chrome on WINDOWS (f6f7664aa2e92411b04f93322224e0b7)] -> xpath: //a[@id='ui-id-4']//span[contains(text(),'Women')]]
2023-05-14 15:05:989 INFO  HomePage :55 - Mouse hover on Tops [[ChromeDriver: chrome on WINDOWS (f6f7664aa2e92411b04f93322224e0b7)] -> xpath: //a[@id='ui-id-9']//span[contains(text(),'Tops')]]
2023-05-14 15:05:945 INFO  HomePage :61 - Click on jackets [[ChromeDriver: chrome on WINDOWS (f6f7664aa2e92411b04f93322224e0b7)] -> xpath: //a[@id='ui-id-11']//span[contains(text(),'Jackets')]]
2023-05-14 15:05:652 INFO  HomePage :46 - Mouse hover on WomenMenu [[ChromeDriver: chrome on WINDOWS (e59e26509451e4beb7a055fd4f727931)] -> xpath: //a[@id='ui-id-4']//span[contains(text(),'Women')]]
2023-05-14 15:05:790 INFO  HomePage :55 - Mouse hover on Tops [[ChromeDriver: chrome on WINDOWS (e59e26509451e4beb7a055fd4f727931)] -> xpath: //a[@id='ui-id-9']//span[contains(text(),'Tops')]]
2023-05-14 15:05:710 INFO  HomePage :61 - Click on jackets [[ChromeDriver: chrome on WINDOWS (e59e26509451e4beb7a055fd4f727931)] -> xpath: //a[@id='ui-id-11']//span[contains(text(),'Jackets')]]
2023-05-14 15:05:767 INFO  Womens_Jackets_Page :81 - Verify products are displayed in ascending order 
2023-05-14 15:05:605 INFO  HomePage :46 - Mouse hover on WomenMenu [[ChromeDriver: chrome on WINDOWS (aee2ceab008eb7c8cd46e184e4ed2b1f)] -> xpath: //a[@id='ui-id-4']//span[contains(text(),'Women')]]
2023-05-14 15:05:741 INFO  HomePage :55 - Mouse hover on Tops [[ChromeDriver: chrome on WINDOWS (aee2ceab008eb7c8cd46e184e4ed2b1f)] -> xpath: //a[@id='ui-id-9']//span[contains(text(),'Tops')]]
2023-05-14 15:05:605 INFO  HomePage :61 - Click on jackets [[ChromeDriver: chrome on WINDOWS (aee2ceab008eb7c8cd46e184e4ed2b1f)] -> xpath: //a[@id='ui-id-11']//span[contains(text(),'Jackets')]]
2023-05-14 15:05:655 INFO  Womens_Jackets_Page :81 - Verify products are displayed in ascending order 
2023-05-14 15:05:231 INFO  HomePage :46 - Mouse hover on WomenMenu [[ChromeDriver: chrome on WINDOWS (0adf0639dc00b10974d4356d6df24787)] -> xpath: //a[@id='ui-id-4']//span[contains(text(),'Women')]]
2023-05-14 15:05:372 INFO  HomePage :55 - Mouse hover on Tops [[ChromeDriver: chrome on WINDOWS (0adf0639dc00b10974d4356d6df24787)] -> xpath: //a[@id='ui-id-9']//span[contains(text(),'Tops')]]
2023-05-14 15:05:274 INFO  HomePage :61 - Click on jackets [[ChromeDriver: chrome on WINDOWS (0adf0639dc00b10974d4356d6df24787)] -> xpath: //a[@id='ui-id-11']//span[contains(text(),'Jackets')]]
2023-05-14 15:05:756 INFO  HomePage :46 - Mouse hover on WomenMenu [[ChromeDriver: chrome on WINDOWS (522e531d5286f8e9827e3b994c5d0a42)] -> xpath: //a[@id='ui-id-4']//span[contains(text(),'Women')]]
2023-05-14 15:05:894 INFO  HomePage :55 - Mouse hover on Tops [[ChromeDriver: chrome on WINDOWS (522e531d5286f8e9827e3b994c5d0a42)] -> xpath: //a[@id='ui-id-9']//span[contains(text(),'Tops')]]
2023-05-14 15:05:801 INFO  HomePage :61 - Click on jackets [[ChromeDriver: chrome on WINDOWS (522e531d5286f8e9827e3b994c5d0a42)] -> xpath: //a[@id='ui-id-11']//span[contains(text(),'Jackets')]]
2023-05-14 15:05:664 INFO  HomePage :46 - Mouse hover on WomenMenu [[ChromeDriver: chrome on WINDOWS (76660e2221f6c69e489461caeb098d7a)] -> xpath: //a[@id='ui-id-4']//span[contains(text(),'Women')]]
2023-05-14 15:05:804 INFO  HomePage :55 - Mouse hover on Tops [[ChromeDriver: chrome on WINDOWS (76660e2221f6c69e489461caeb098d7a)] -> xpath: //a[@id='ui-id-9']//span[contains(text(),'Tops')]]
2023-05-14 15:05:781 INFO  HomePage :61 - Click on jackets [[ChromeDriver: chrome on WINDOWS (76660e2221f6c69e489461caeb098d7a)] -> xpath: //a[@id='ui-id-11']//span[contains(text(),'Jackets')]]
2023-05-14 15:05:815 INFO  Womens_Jackets_Page :111 - Verify products are displayed in ascending order 
2023-05-14 15:05:426 INFO  HomePage :46 - Mouse hover on WomenMenu [[ChromeDriver: chrome on WINDOWS (ea0174a5e4c7ecf99e042586d0eab386)] -> xpath: //a[@id='ui-id-4']//span[contains(text(),'Women')]]
2023-05-14 15:05:551 INFO  HomePage :55 - Mouse hover on Tops [[ChromeDriver: chrome on WINDOWS (ea0174a5e4c7ecf99e042586d0eab386)] -> xpath: //a[@id='ui-id-9']//span[contains(text(),'Tops')]]
2023-05-14 15:05:418 INFO  HomePage :61 - Click on jackets [[ChromeDriver: chrome on WINDOWS (ea0174a5e4c7ecf99e042586d0eab386)] -> xpath: //a[@id='ui-id-11']//span[contains(text(),'Jackets')]]
2023-05-14 15:05:443 INFO  Womens_Jackets_Page :81 - Verify products are displayed in ascending order 
2023-05-14 15:05:633 INFO  HomePage :46 - Mouse hover on WomenMenu [[ChromeDriver: chrome on WINDOWS (ee0c1022cb2672ae5a76a267fb0e95d7)] -> xpath: //a[@id='ui-id-4']//span[contains(text(),'Women')]]
2023-05-14 15:05:758 INFO  HomePage :55 - Mouse hover on Tops [[ChromeDriver: chrome on WINDOWS (ee0c1022cb2672ae5a76a267fb0e95d7)] -> xpath: //a[@id='ui-id-9']//span[contains(text(),'Tops')]]
2023-05-14 15:05:656 INFO  HomePage :61 - Click on jackets [[ChromeDriver: chrome on WINDOWS (ee0c1022cb2672ae5a76a267fb0e95d7)] -> xpath: //a[@id='ui-id-11']//span[contains(text(),'Jackets')]]
2023-05-14 15:05:695 INFO  Womens_Jackets_Page :111 - Verify products are displayed in ascending order 
2023-05-14 16:05:586 INFO  HomePage :46 - Mouse hover on WomenMenu [[ChromeDriver: chrome on WINDOWS (57332b0d63ffdae797346ad1877608e8)] -> xpath: //a[@id='ui-id-4']//span[contains(text(),'Women')]]
2023-05-14 16:05:727 INFO  HomePage :55 - Mouse hover on Tops [[ChromeDriver: chrome on WINDOWS (57332b0d63ffdae797346ad1877608e8)] -> xpath: //a[@id='ui-id-9']//span[contains(text(),'Tops')]]
2023-05-14 16:05:617 INFO  HomePage :61 - Click on jackets [[ChromeDriver: chrome on WINDOWS (57332b0d63ffdae797346ad1877608e8)] -> xpath: //a[@id='ui-id-11']//span[contains(text(),'Jackets')]]
2023-05-14 16:05:636 INFO  Womens_Jackets_Page :81 - Verify products are displayed in ascending order 
2023-05-14 17:05:219 INFO  HomePage :46 - Mouse hover on WomenMenu [[ChromeDriver: chrome on WINDOWS (8bfbbf67dcacb0a07f7e3cb88261127b)] -> xpath: //a[@id='ui-id-4']//span[contains(text(),'Women')]]
2023-05-14 17:05:374 INFO  HomePage :55 - Mouse hover on Tops [[ChromeDriver: chrome on WINDOWS (8bfbbf67dcacb0a07f7e3cb88261127b)] -> xpath: //a[@id='ui-id-9']//span[contains(text(),'Tops')]]
2023-05-14 17:05:304 INFO  HomePage :61 - Click on jackets [[ChromeDriver: chrome on WINDOWS (8bfbbf67dcacb0a07f7e3cb88261127b)] -> xpath: //a[@id='ui-id-11']//span[contains(text(),'Jackets')]]
2023-05-14 17:05:354 INFO  Womens_Jackets_Page :81 - Verify products are displayed in ascending order 
2023-05-14 17:05:545 INFO  HomePage :46 - Mouse hover on WomenMenu [[ChromeDriver: chrome on WINDOWS (2164942892cb47281fb71733454f9c48)] -> xpath: //a[@id='ui-id-4']//span[contains(text(),'Women')]]
2023-05-14 17:05:687 INFO  HomePage :55 - Mouse hover on Tops [[ChromeDriver: chrome on WINDOWS (2164942892cb47281fb71733454f9c48)] -> xpath: //a[@id='ui-id-9']//span[contains(text(),'Tops')]]
2023-05-14 17:05:710 INFO  HomePage :61 - Click on jackets [[ChromeDriver: chrome on WINDOWS (2164942892cb47281fb71733454f9c48)] -> xpath: //a[@id='ui-id-11']//span[contains(text(),'Jackets')]]
2023-05-14 17:05:829 INFO  Womens_Jackets_Page :111 - Verify products are displayed in ascending order 
2023-05-14 17:05:274 INFO  HomePage :46 - Mouse hover on WomenMenu [[ChromeDriver: chrome on WINDOWS (d797ef63fec4bb9bc9d001af07e033b3)] -> xpath: //a[@id='ui-id-4']//span[contains(text(),'Women')]]
2023-05-14 17:05:413 INFO  HomePage :55 - Mouse hover on Tops [[ChromeDriver: chrome on WINDOWS (d797ef63fec4bb9bc9d001af07e033b3)] -> xpath: //a[@id='ui-id-9']//span[contains(text(),'Tops')]]
2023-05-14 17:05:310 INFO  HomePage :61 - Click on jackets [[ChromeDriver: chrome on WINDOWS (d797ef63fec4bb9bc9d001af07e033b3)] -> xpath: //a[@id='ui-id-11']//span[contains(text(),'Jackets')]]
2023-05-14 17:05:352 INFO  Womens_Jackets_Page :81 - Verify products are displayed in ascending order 
2023-05-14 17:05:445 INFO  HomePage :46 - Mouse hover on WomenMenu [[ChromeDriver: chrome on WINDOWS (e6b79acdf1b6ff253962764bb924f307)] -> xpath: //a[@id='ui-id-4']//span[contains(text(),'Women')]]
2023-05-14 17:05:587 INFO  HomePage :55 - Mouse hover on Tops [[ChromeDriver: chrome on WINDOWS (e6b79acdf1b6ff253962764bb924f307)] -> xpath: //a[@id='ui-id-9']//span[contains(text(),'Tops')]]
2023-05-14 17:05:475 INFO  HomePage :61 - Click on jackets [[ChromeDriver: chrome on WINDOWS (e6b79acdf1b6ff253962764bb924f307)] -> xpath: //a[@id='ui-id-11']//span[contains(text(),'Jackets')]]
2023-05-14 17:05:507 INFO  Womens_Jackets_Page :111 - Verify products are displayed in ascending order 
2023-05-14 18:05:279 INFO  HomePage :68 - Mouse hover on Men menu [[ChromeDriver: chrome on WINDOWS (a0beaca7fcd6a41223cf0ea5b4b0b0b3)] -> xpath: //a[@id='ui-id-5']]
2023-05-14 18:05:418 INFO  HomePage :75 - Mouse hover on Bottom [[ChromeDriver: chrome on WINDOWS (a0beaca7fcd6a41223cf0ea5b4b0b0b3)] -> xpath: //a[@id='ui-id-18']//span[contains(text(),'Bottoms')]]
2023-05-14 18:05:335 INFO  HomePage :82 - Click on Pant [[ChromeDriver: chrome on WINDOWS (a0beaca7fcd6a41223cf0ea5b4b0b0b3)] -> xpath: //a[@id='ui-id-23']//span[contains(text(),'Pants')]]
2023-05-14 18:05:462 INFO  MenPage :39 - Mouse hover on Cronus Yoga Pant [[ChromeDriver: chrome on WINDOWS (a0beaca7fcd6a41223cf0ea5b4b0b0b3)] -> xpath: //a[normalize-space()='Cronus Yoga Pant']]
2023-05-14 18:05:508 INFO  MenPage :46 - Click on size [[ChromeDriver: chrome on WINDOWS (a0beaca7fcd6a41223cf0ea5b4b0b0b3)] -> xpath: //div[@class='swatch-opt-880']//div[@id='option-label-size-143-item-175']]
2023-05-14 18:05:549 INFO  MenPage :53 - Click on Color [[ChromeDriver: chrome on WINDOWS (a0beaca7fcd6a41223cf0ea5b4b0b0b3)] -> xpath: //div[@class='swatch-opt-880']//div[@id='option-label-color-93-item-49']]
2023-05-14 18:05:595 INFO  MenPage :59 - Click on Add To Cart button [[ChromeDriver: chrome on WINDOWS (a0beaca7fcd6a41223cf0ea5b4b0b0b3)] -> xpath: //body[1]/div[1]/main[1]/div[3]/div[1]/div[3]/ol[1]/li[1]/div[1]/div[1]/div[3]/div[1]/div[1]/form[1]/button[1]/span[1]]
2023-05-14 18:05:223 INFO  MenPage :64 - Getting text AddToCart [[ChromeDriver: chrome on WINDOWS (a0beaca7fcd6a41223cf0ea5b4b0b0b3)] -> xpath: //div[@data-bind='html: $parent.prepareMessageForHtml(message.text)']]
2023-05-14 18:05:53 INFO  HomePage :68 - Mouse hover on Men menu [[ChromeDriver: chrome on WINDOWS (e1afb1926ffc39efb757de46b003d154)] -> xpath: //a[@id='ui-id-5']]
2023-05-14 18:05:193 INFO  HomePage :75 - Mouse hover on Bottom [[ChromeDriver: chrome on WINDOWS (e1afb1926ffc39efb757de46b003d154)] -> xpath: //a[@id='ui-id-18']//span[contains(text(),'Bottoms')]]
2023-05-14 18:05:80 INFO  HomePage :82 - Click on Pant [[ChromeDriver: chrome on WINDOWS (e1afb1926ffc39efb757de46b003d154)] -> xpath: //a[@id='ui-id-23']//span[contains(text(),'Pants')]]
2023-05-14 18:05:222 INFO  MenPage :39 - Mouse hover on Cronus Yoga Pant [[ChromeDriver: chrome on WINDOWS (e1afb1926ffc39efb757de46b003d154)] -> xpath: //a[normalize-space()='Cronus Yoga Pant']]
2023-05-14 18:05:265 INFO  MenPage :46 - Click on size [[ChromeDriver: chrome on WINDOWS (e1afb1926ffc39efb757de46b003d154)] -> xpath: //div[@class='swatch-opt-880']//div[@id='option-label-size-143-item-175']]
2023-05-14 18:05:304 INFO  MenPage :53 - Click on Color [[ChromeDriver: chrome on WINDOWS (e1afb1926ffc39efb757de46b003d154)] -> xpath: //div[@class='swatch-opt-880']//div[@id='option-label-color-93-item-49']]
2023-05-14 18:05:345 INFO  MenPage :59 - Click on Add To Cart button [[ChromeDriver: chrome on WINDOWS (e1afb1926ffc39efb757de46b003d154)] -> xpath: //body[1]/div[1]/main[1]/div[3]/div[1]/div[3]/ol[1]/li[1]/div[1]/div[1]/div[3]/div[1]/div[1]/form[1]/button[1]/span[1]]
2023-05-14 18:05:988 INFO  MenPage :64 - Getting text AddToCart [[ChromeDriver: chrome on WINDOWS (e1afb1926ffc39efb757de46b003d154)] -> xpath: //div[@data-bind='html: $parent.prepareMessageForHtml(message.text)']]
2023-05-14 18:05:63 INFO  MenPage :72 - Click on shopping cart [[ChromeDriver: chrome on WINDOWS (e1afb1926ffc39efb757de46b003d154)] -> xpath: //a[normalize-space()='shopping cart']]
2023-05-14 18:05:79 INFO  HomePage :59 - Get message Shopping Cart[[ChromeDriver: chrome on WINDOWS (e1afb1926ffc39efb757de46b003d154)] -> xpath: //span[@class='base']]
2023-05-14 18:05:95 INFO  HomePage :64 - Get message CronusYogaPant text [[ChromeDriver: chrome on WINDOWS (e1afb1926ffc39efb757de46b003d154)] -> xpath: //td[@class='col item']//a[normalize-space()='Cronus Yoga Pant']]
2023-05-14 18:05:113 INFO  HomePage :69 - Get text size [[ChromeDriver: chrome on WINDOWS (e1afb1926ffc39efb757de46b003d154)] -> xpath: //dd[contains(text(),'32')]]
2023-05-14 18:05:129 INFO  HomePage :74 - Get text color [[ChromeDriver: chrome on WINDOWS (e1afb1926ffc39efb757de46b003d154)] -> xpath: //dd[contains(text(),'Black')]]
2023-05-14 18:05:233 INFO  HomePage :68 - Mouse hover on Men menu [[ChromeDriver: chrome on WINDOWS (e5f4d178e26b29e27e4e49717c397822)] -> xpath: //a[@id='ui-id-5']]
2023-05-14 18:05:373 INFO  HomePage :75 - Mouse hover on Bottom [[ChromeDriver: chrome on WINDOWS (e5f4d178e26b29e27e4e49717c397822)] -> xpath: //a[@id='ui-id-18']//span[contains(text(),'Bottoms')]]
2023-05-14 18:05:261 INFO  HomePage :82 - Click on Pant [[ChromeDriver: chrome on WINDOWS (e5f4d178e26b29e27e4e49717c397822)] -> xpath: //a[@id='ui-id-23']//span[contains(text(),'Pants')]]
2023-05-14 18:05:402 INFO  MenPage :39 - Mouse hover on Cronus Yoga Pant [[ChromeDriver: chrome on WINDOWS (e5f4d178e26b29e27e4e49717c397822)] -> xpath: //a[normalize-space()='Cronus Yoga Pant']]
2023-05-14 18:05:453 INFO  MenPage :46 - Click on size [[ChromeDriver: chrome on WINDOWS (e5f4d178e26b29e27e4e49717c397822)] -> xpath: //div[@class='swatch-opt-880']//div[@id='option-label-size-143-item-175']]
2023-05-14 18:05:495 INFO  MenPage :53 - Click on Color [[ChromeDriver: chrome on WINDOWS (e5f4d178e26b29e27e4e49717c397822)] -> xpath: //div[@class='swatch-opt-880']//div[@id='option-label-color-93-item-49']]
2023-05-14 18:05:535 INFO  MenPage :59 - Click on Add To Cart button [[ChromeDriver: chrome on WINDOWS (e5f4d178e26b29e27e4e49717c397822)] -> xpath: //body[1]/div[1]/main[1]/div[3]/div[1]/div[3]/ol[1]/li[1]/div[1]/div[1]/div[3]/div[1]/div[1]/form[1]/button[1]/span[1]]
2023-05-14 18:05:165 INFO  MenPage :64 - Getting text AddToCart [[ChromeDriver: chrome on WINDOWS (e5f4d178e26b29e27e4e49717c397822)] -> xpath: //div[@data-bind='html: $parent.prepareMessageForHtml(message.text)']]
2023-05-14 18:05:909 INFO  MenPage :72 - Click on shopping cart [[ChromeDriver: chrome on WINDOWS (e5f4d178e26b29e27e4e49717c397822)] -> xpath: //a[normalize-space()='shopping cart']]
2023-05-14 18:05:923 INFO  HomePage :59 - Get message Shopping Cart[[ChromeDriver: chrome on WINDOWS (e5f4d178e26b29e27e4e49717c397822)] -> xpath: //span[@class='base']]
2023-05-14 18:05:939 INFO  HomePage :64 - Get message CronusYogaPant text [[ChromeDriver: chrome on WINDOWS (e5f4d178e26b29e27e4e49717c397822)] -> xpath: //td[@class='col item']//a[normalize-space()='Cronus Yoga Pant']]
2023-05-14 18:05:954 INFO  HomePage :69 - Get text size [[ChromeDriver: chrome on WINDOWS (e5f4d178e26b29e27e4e49717c397822)] -> xpath: //dd[contains(text(),'32')]]
2023-05-14 18:05:971 INFO  HomePage :74 - Get text color [[ChromeDriver: chrome on WINDOWS (e5f4d178e26b29e27e4e49717c397822)] -> xpath: //dd[contains(text(),'Black')]]
2023-05-14 18:05:998 INFO  HomePage :68 - Mouse hover on Men menu [[ChromeDriver: chrome on WINDOWS (7b2ccd6fdd843948848129e7beaae3a6)] -> xpath: //a[@id='ui-id-5']]
2023-05-14 18:05:150 INFO  HomePage :75 - Mouse hover on Bottom [[ChromeDriver: chrome on WINDOWS (7b2ccd6fdd843948848129e7beaae3a6)] -> xpath: //a[@id='ui-id-18']//span[contains(text(),'Bottoms')]]
2023-05-14 18:05:358 INFO  HomePage :82 - Click on Pant [[ChromeDriver: chrome on WINDOWS (7b2ccd6fdd843948848129e7beaae3a6)] -> xpath: //a[@id='ui-id-23']//span[contains(text(),'Pants')]]
2023-05-14 18:05:502 INFO  MenPage :39 - Mouse hover on Cronus Yoga Pant [[ChromeDriver: chrome on WINDOWS (7b2ccd6fdd843948848129e7beaae3a6)] -> xpath: //a[normalize-space()='Cronus Yoga Pant']]
2023-05-14 18:05:546 INFO  MenPage :46 - Click on size [[ChromeDriver: chrome on WINDOWS (7b2ccd6fdd843948848129e7beaae3a6)] -> xpath: //div[@class='swatch-opt-880']//div[@id='option-label-size-143-item-175']]
2023-05-14 18:05:580 INFO  MenPage :53 - Click on Color [[ChromeDriver: chrome on WINDOWS (7b2ccd6fdd843948848129e7beaae3a6)] -> xpath: //div[@class='swatch-opt-880']//div[@id='option-label-color-93-item-49']]
2023-05-14 18:05:619 INFO  MenPage :59 - Click on Add To Cart button [[ChromeDriver: chrome on WINDOWS (7b2ccd6fdd843948848129e7beaae3a6)] -> xpath: //body[1]/div[1]/main[1]/div[3]/div[1]/div[3]/ol[1]/li[1]/div[1]/div[1]/div[3]/div[1]/div[1]/form[1]/button[1]/span[1]]
2023-05-14 18:05:199 INFO  MenPage :64 - Getting text AddToCart [[ChromeDriver: chrome on WINDOWS (7b2ccd6fdd843948848129e7beaae3a6)] -> xpath: //div[@data-bind='html: $parent.prepareMessageForHtml(message.text)']]
2023-05-14 18:05:644 INFO  MenPage :72 - Click on shopping cart [[ChromeDriver: chrome on WINDOWS (7b2ccd6fdd843948848129e7beaae3a6)] -> xpath: //a[normalize-space()='shopping cart']]
2023-05-14 18:05:665 INFO  HomePage :59 - Get message Shopping Cart[[ChromeDriver: chrome on WINDOWS (7b2ccd6fdd843948848129e7beaae3a6)] -> xpath: //span[@class='base']]
2023-05-14 18:05:720 INFO  HomePage :64 - Get message CronusYogaPant text [[ChromeDriver: chrome on WINDOWS (7b2ccd6fdd843948848129e7beaae3a6)] -> xpath: //td[@class='col item']//a[normalize-space()='Cronus Yoga Pant']]
2023-05-14 18:05:760 INFO  HomePage :69 - Get text size [[ChromeDriver: chrome on WINDOWS (7b2ccd6fdd843948848129e7beaae3a6)] -> xpath: //dd[contains(text(),'32')]]
2023-05-14 18:05:798 INFO  HomePage :74 - Get text color [[ChromeDriver: chrome on WINDOWS (7b2ccd6fdd843948848129e7beaae3a6)] -> xpath: //dd[contains(text(),'Black')]]
2023-05-14 18:05:997 INFO  HomePage :89 - Mouse hover on GearMenu[[ChromeDriver: chrome on WINDOWS (04838d0278093bf621b558e121649c85)] -> xpath: //a[@id='ui-id-6']//span[@class='ui-menu-icon ui-icon ui-icon-carat-1-e']]
2023-05-14 18:05:739 INFO  HomePage :95 - Click on bags [[ChromeDriver: chrome on WINDOWS (04838d0278093bf621b558e121649c85)] -> xpath: //span[normalize-space()='Bags']]
2023-05-14 18:05:506 INFO  GearPage :19 - Click on overnightDuffle product 
2023-05-14 18:05:320 INFO  HomePage :68 - Mouse hover on Men menu [[ChromeDriver: chrome on WINDOWS (4ca7cf4f74b5300dc8adf8823c3d2d2f)] -> xpath: //a[@id='ui-id-5']]
2023-05-14 18:05:461 INFO  HomePage :75 - Mouse hover on Bottom [[ChromeDriver: chrome on WINDOWS (4ca7cf4f74b5300dc8adf8823c3d2d2f)] -> xpath: //a[@id='ui-id-18']//span[contains(text(),'Bottoms')]]
2023-05-14 18:05:343 INFO  HomePage :82 - Click on Pant [[ChromeDriver: chrome on WINDOWS (4ca7cf4f74b5300dc8adf8823c3d2d2f)] -> xpath: //a[@id='ui-id-23']//span[contains(text(),'Pants')]]
2023-05-14 18:05:489 INFO  MenPage :39 - Mouse hover on Cronus Yoga Pant [[ChromeDriver: chrome on WINDOWS (4ca7cf4f74b5300dc8adf8823c3d2d2f)] -> xpath: //a[normalize-space()='Cronus Yoga Pant']]
2023-05-14 18:05:538 INFO  MenPage :46 - Click on size [[ChromeDriver: chrome on WINDOWS (4ca7cf4f74b5300dc8adf8823c3d2d2f)] -> xpath: //div[@class='swatch-opt-880']//div[@id='option-label-size-143-item-175']]
2023-05-14 18:05:580 INFO  MenPage :53 - Click on Color [[ChromeDriver: chrome on WINDOWS (4ca7cf4f74b5300dc8adf8823c3d2d2f)] -> xpath: //div[@class='swatch-opt-880']//div[@id='option-label-color-93-item-49']]
2023-05-14 18:05:622 INFO  MenPage :59 - Click on Add To Cart button [[ChromeDriver: chrome on WINDOWS (4ca7cf4f74b5300dc8adf8823c3d2d2f)] -> xpath: //body[1]/div[1]/main[1]/div[3]/div[1]/div[3]/ol[1]/li[1]/div[1]/div[1]/div[3]/div[1]/div[1]/form[1]/button[1]/span[1]]
2023-05-14 18:05:940 INFO  MenPage :64 - Getting text AddToCart [[ChromeDriver: chrome on WINDOWS (4ca7cf4f74b5300dc8adf8823c3d2d2f)] -> xpath: //div[@data-bind='html: $parent.prepareMessageForHtml(message.text)']]
2023-05-14 18:05:772 INFO  MenPage :72 - Click on shopping cart [[ChromeDriver: chrome on WINDOWS (4ca7cf4f74b5300dc8adf8823c3d2d2f)] -> xpath: //a[normalize-space()='shopping cart']]
2023-05-14 18:05:785 INFO  HomePage :59 - Get message Shopping Cart[[ChromeDriver: chrome on WINDOWS (4ca7cf4f74b5300dc8adf8823c3d2d2f)] -> xpath: //span[@class='base']]
2023-05-14 18:05:802 INFO  HomePage :64 - Get message CronusYogaPant text [[ChromeDriver: chrome on WINDOWS (4ca7cf4f74b5300dc8adf8823c3d2d2f)] -> xpath: //td[@class='col item']//a[normalize-space()='Cronus Yoga Pant']]
2023-05-14 18:05:819 INFO  HomePage :69 - Get text size [[ChromeDriver: chrome on WINDOWS (4ca7cf4f74b5300dc8adf8823c3d2d2f)] -> xpath: //dd[contains(text(),'32')]]
2023-05-14 18:05:835 INFO  HomePage :74 - Get text color [[ChromeDriver: chrome on WINDOWS (4ca7cf4f74b5300dc8adf8823c3d2d2f)] -> xpath: //dd[contains(text(),'Black')]]
2023-05-14 18:05:150 INFO  HomePage :89 - Mouse hover on GearMenu[[ChromeDriver: chrome on WINDOWS (21c67da74c5829164bf830b1953901dd)] -> xpath: //a[@id='ui-id-6']//span[@class='ui-menu-icon ui-icon ui-icon-carat-1-e']]
2023-05-14 18:05:853 INFO  HomePage :95 - Click on bags [[ChromeDriver: chrome on WINDOWS (21c67da74c5829164bf830b1953901dd)] -> xpath: //span[normalize-space()='Bags']]
2023-05-14 18:05:584 INFO  GearPage :19 - Click on overnightDuffle product 
2023-05-14 18:05:75 INFO  HomePage :89 - Mouse hover on GearMenu[[ChromeDriver: chrome on WINDOWS (42280747bcfd1e06a730cbf4c2d7b5a7)] -> xpath: //a[@id='ui-id-6']//span[@class='ui-menu-icon ui-icon ui-icon-carat-1-e']]
2023-05-14 18:05:783 INFO  HomePage :95 - Click on bags [[ChromeDriver: chrome on WINDOWS (42280747bcfd1e06a730cbf4c2d7b5a7)] -> xpath: //span[normalize-space()='Bags']]
2023-05-14 18:05:528 INFO  GearPage :19 - Click on overnightDuffle product 
2023-05-14 18:05:614 INFO  OverNightDuffle :48 - Update quantity To 3
2023-05-14 18:05:661 INFO  OverNightDuffle :55 - Click On Add To Cart [[ChromeDriver: chrome on WINDOWS (42280747bcfd1e06a730cbf4c2d7b5a7)] -> xpath: //button[@id='product-addtocart-button']]
2023-05-14 18:05:52 INFO  OverNightDuffle :60 - Verify Text Add To Cart Text [[ChromeDriver: chrome on WINDOWS (42280747bcfd1e06a730cbf4c2d7b5a7)] -> xpath: //div[@data-bind='html: $parent.prepareMessageForHtml(message.text)']]
2023-05-14 18:05:50 INFO  HomePage :89 - Mouse hover on GearMenu[[ChromeDriver: chrome on WINDOWS (355d13716bbf22f0234d0d0bdb2864a8)] -> xpath: //a[@id='ui-id-6']//span[@class='ui-menu-icon ui-icon ui-icon-carat-1-e']]
2023-05-14 18:05:760 INFO  HomePage :95 - Click on bags [[ChromeDriver: chrome on WINDOWS (355d13716bbf22f0234d0d0bdb2864a8)] -> xpath: //span[normalize-space()='Bags']]
2023-05-14 18:05:454 INFO  GearPage :19 - Click on overnightDuffle product 
2023-05-14 18:05:599 INFO  OverNightDuffle :48 - Update quantity To 3
2023-05-14 18:05:642 INFO  OverNightDuffle :55 - Click On Add To Cart [[ChromeDriver: chrome on WINDOWS (355d13716bbf22f0234d0d0bdb2864a8)] -> xpath: //button[@id='product-addtocart-button']]
2023-05-14 18:05:978 INFO  OverNightDuffle :60 - Verify Text Add To Cart Text [[ChromeDriver: chrome on WINDOWS (355d13716bbf22f0234d0d0bdb2864a8)] -> xpath: //div[@data-bind='html: $parent.prepareMessageForHtml(message.text)']]
2023-05-14 18:05:511 INFO  OverNightDuffle :67 - Click on Shopping Cart [[ChromeDriver: chrome on WINDOWS (355d13716bbf22f0234d0d0bdb2864a8)] -> xpath: //a[normalize-space()='shopping cart']]
2023-05-14 18:05:526 INFO  HomePage :80 - Get text overnight Duffle  [[ChromeDriver: chrome on WINDOWS (355d13716bbf22f0234d0d0bdb2864a8)] -> xpath: //td[@class='col item']//a[normalize-space()='Overnight Duffle']]
2023-05-14 18:05:543 INFO  HomePage :86 - Get Qty [[ChromeDriver: chrome on WINDOWS (355d13716bbf22f0234d0d0bdb2864a8)] -> css selector: .input-text.qty]
2023-05-14 18:05:312 INFO  HomePage :89 - Mouse hover on GearMenu[[ChromeDriver: chrome on WINDOWS (69ba7a52ff54df2d0a4f285141f447bc)] -> xpath: //a[@id='ui-id-6']//span[@class='ui-menu-icon ui-icon ui-icon-carat-1-e']]
2023-05-14 18:05:49 INFO  HomePage :95 - Click on bags [[ChromeDriver: chrome on WINDOWS (69ba7a52ff54df2d0a4f285141f447bc)] -> xpath: //span[normalize-space()='Bags']]
2023-05-14 18:05:820 INFO  GearPage :19 - Click on overnightDuffle product 
2023-05-14 18:05:988 INFO  OverNightDuffle :48 - Update quantity To 3
2023-05-14 18:05:27 INFO  OverNightDuffle :55 - Click On Add To Cart [[ChromeDriver: chrome on WINDOWS (69ba7a52ff54df2d0a4f285141f447bc)] -> xpath: //button[@id='product-addtocart-button']]
2023-05-14 18:05:542 INFO  OverNightDuffle :60 - Verify Text Add To Cart Text [[ChromeDriver: chrome on WINDOWS (69ba7a52ff54df2d0a4f285141f447bc)] -> xpath: //div[@data-bind='html: $parent.prepareMessageForHtml(message.text)']]
2023-05-14 18:05:223 INFO  OverNightDuffle :67 - Click on Shopping Cart [[ChromeDriver: chrome on WINDOWS (69ba7a52ff54df2d0a4f285141f447bc)] -> xpath: //a[normalize-space()='shopping cart']]
2023-05-14 18:05:246 INFO  HomePage :80 - Get text overnight Duffle  [[ChromeDriver: chrome on WINDOWS (69ba7a52ff54df2d0a4f285141f447bc)] -> xpath: //td[@class='col item']//a[normalize-space()='Overnight Duffle']]
2023-05-14 18:05:264 INFO  HomePage :86 - Get Qty [[ChromeDriver: chrome on WINDOWS (69ba7a52ff54df2d0a4f285141f447bc)] -> css selector: .input-text.qty]
2023-05-14 18:05:80 INFO  HomePage :89 - Mouse hover on GearMenu[[ChromeDriver: chrome on WINDOWS (0068f020178bf0aa581a5c54ae363e97)] -> xpath: //a[@id='ui-id-6']//span[@class='ui-menu-icon ui-icon ui-icon-carat-1-e']]
2023-05-14 18:05:810 INFO  HomePage :95 - Click on bags [[ChromeDriver: chrome on WINDOWS (0068f020178bf0aa581a5c54ae363e97)] -> xpath: //span[normalize-space()='Bags']]
2023-05-14 18:05:506 INFO  GearPage :19 - Click on overnightDuffle product 
2023-05-14 18:05:655 INFO  OverNightDuffle :48 - Update quantity To 3
2023-05-14 18:05:695 INFO  OverNightDuffle :55 - Click On Add To Cart [[ChromeDriver: chrome on WINDOWS (0068f020178bf0aa581a5c54ae363e97)] -> xpath: //button[@id='product-addtocart-button']]
2023-05-14 18:05:215 INFO  OverNightDuffle :60 - Verify Text Add To Cart Text [[ChromeDriver: chrome on WINDOWS (0068f020178bf0aa581a5c54ae363e97)] -> xpath: //div[@data-bind='html: $parent.prepareMessageForHtml(message.text)']]
2023-05-14 18:05:04 INFO  OverNightDuffle :67 - Click on Shopping Cart [[ChromeDriver: chrome on WINDOWS (0068f020178bf0aa581a5c54ae363e97)] -> xpath: //a[normalize-space()='shopping cart']]
2023-05-14 18:05:20 INFO  HomePage :80 - Get text overnight Duffle  [[ChromeDriver: chrome on WINDOWS (0068f020178bf0aa581a5c54ae363e97)] -> xpath: //td[@class='col item']//a[normalize-space()='Overnight Duffle']]
2023-05-14 18:05:40 INFO  HomePage :86 - Get Qty [[ChromeDriver: chrome on WINDOWS (0068f020178bf0aa581a5c54ae363e97)] -> css selector: .input-text.qty]
2023-05-14 18:05:74 INFO  HomePage :93 - Get Product price [[ChromeDriver: chrome on WINDOWS (0068f020178bf0aa581a5c54ae363e97)] -> xpath: //span[@class='cart-price']//span[@class='price'][normalize-space()='$135.00']]
2023-05-14 18:05:110 INFO  HomePage :100 - Change quantity of overnight duffle  [[ChromeDriver: chrome on WINDOWS (0068f020178bf0aa581a5c54ae363e97)] -> css selector: .input-text.qty]
2023-05-14 18:05:149 INFO  HomePage :105 - Click on shopping cart [[ChromeDriver: chrome on WINDOWS (0068f020178bf0aa581a5c54ae363e97)] -> xpath: //span[normalize-space()='Update Shopping Cart']]
2023-05-14 18:05:247 INFO  HomePage :110 - Get Update Product Price [[ChromeDriver: chrome on WINDOWS (0068f020178bf0aa581a5c54ae363e97)] -> xpath: //span[@class='cart-price']//span[@class='price'][normalize-space()='$225.00']]
